TN:
SF:src\app.ts
FN:12,(anonymous_1)
FNF:1
FNH:1
FNDA:1,(anonymous_1)
DA:1,1
DA:2,1
DA:3,1
DA:4,1
DA:5,1
DA:7,1
DA:9,1
DA:10,1
DA:12,1
DA:13,1
DA:16,1
DA:17,1
DA:18,1
DA:20,1
LF:14
LH:14
BRF:0
BRH:0
end_of_record
TN:
SF:src\application\services\authService.ts
FN:8,(anonymous_1)
FN:43,(anonymous_2)
FNF:2
FNH:2
FNDA:2,(anonymous_1)
FNDA:3,(anonymous_2)
DA:1,1
DA:2,1
DA:3,1
DA:4,1
DA:7,1
DA:9,2
DA:13,2
DA:14,0
DA:17,2
DA:19,2
DA:28,2
DA:30,2
DA:32,2
DA:44,3
DA:48,3
DA:49,1
DA:52,2
DA:54,2
DA:55,0
DA:58,2
DA:60,2
DA:62,2
LF:22
LH:20
BRDA:13,0,0,0
BRDA:13,0,1,2
BRDA:48,1,0,1
BRDA:48,1,1,2
BRDA:54,2,0,0
BRDA:54,2,1,2
BRF:6
BRH:4
end_of_record
TN:
SF:src\application\services\bookingService.ts
FN:6,(anonymous_0)
FN:32,(anonymous_1)
FN:55,(anonymous_2)
FN:78,(anonymous_3)
FN:88,(anonymous_4)
FN:97,(anonymous_5)
FN:111,(anonymous_6)
FNF:7
FNH:7
FNDA:3,(anonymous_0)
FNDA:1,(anonymous_1)
FNDA:1,(anonymous_2)
FNDA:1,(anonymous_3)
FNDA:1,(anonymous_4)
FNDA:2,(anonymous_5)
FNDA:1,(anonymous_6)
DA:1,1
DA:2,1
DA:5,1
DA:13,3
DA:27,3
DA:28,0
DA:33,1
DA:35,1
DA:51,1
DA:52,1
DA:56,1
DA:58,1
DA:74,1
DA:75,1
DA:79,1
DA:89,1
DA:98,2
DA:107,2
DA:108,2
DA:112,1
DA:114,1
DA:129,1
DA:130,1
LF:23
LH:22
BRDA:16,0,0,1
BRDA:16,0,1,2
BRDA:27,1,0,0
BRDA:27,1,1,3
BRF:4
BRH:3
end_of_record
TN:
SF:src\application\services\serviceService.ts
FN:6,(anonymous_0)
FN:20,(anonymous_1)
FNF:2
FNH:2
FNDA:1,(anonymous_0)
FNDA:1,(anonymous_1)
DA:1,1
DA:3,1
DA:5,1
DA:7,1
DA:16,1
DA:17,1
DA:21,1
LF:7
LH:7
BRF:0
BRH:0
end_of_record
TN:
SF:src\infrastructure\database\prismaClient.ts
FNF:0
FNH:0
DA:1,1
DA:3,1
LF:2
LH:2
BRF:0
BRH:0
end_of_record
TN:
SF:src\infrastructure\logging\logger.ts
FNF:0
FNH:0
DA:1,1
DA:3,1
LF:2
LH:2
BRF:0
BRH:0
end_of_record
TN:
SF:src\infrastructure\security\jwt.ts
FN:5,generateToken
FNF:1
FNH:1
FNDA:4,generateToken
DA:1,1
DA:3,1
DA:5,1
DA:6,4
LF:4
LH:4
BRDA:3,0,0,1
BRDA:3,0,1,0
BRF:2
BRH:1
end_of_record
TN:
SF:src\middleware\authMiddleware.ts
FN:14,authenticate
FN:37,requireAdmin
FNF:2
FNH:2
FNDA:8,authenticate
FNDA:5,requireAdmin
DA:2,1
DA:4,1
DA:14,1
DA:15,8
DA:17,8
DA:18,1
DA:21,7
DA:23,7
DA:24,7
DA:30,7
DA:31,7
DA:33,0
DA:37,1
DA:38,5
DA:39,0
DA:42,5
LF:16
LH:14
BRDA:4,0,0,1
BRDA:4,0,1,0
BRDA:17,1,0,1
BRDA:17,1,1,7
BRDA:38,2,0,0
BRDA:38,2,1,5
BRF:6
BRH:4
end_of_record
TN:
SF:src\presentation\controllers\authController.ts
FN:7,(anonymous_0)
FN:16,(anonymous_1)
FNF:2
FNH:2
FNDA:2,(anonymous_0)
FNDA:3,(anonymous_1)
DA:2,1
DA:4,1
DA:6,1
DA:8,2
DA:9,2
DA:10,2
DA:12,0
DA:17,3
DA:18,3
DA:19,2
DA:21,1
LF:11
LH:10
BRF:0
BRH:0
end_of_record
TN:
SF:src\presentation\controllers\bookingController.ts
FN:8,(anonymous_0)
FN:18,(anonymous_1)
FN:27,(anonymous_2)
FN:37,(anonymous_3)
FN:46,(anonymous_4)
FN:56,(anonymous_5)
FNF:6
FNH:6
FNDA:1,(anonymous_0)
FNDA:1,(anonymous_1)
FNDA:1,(anonymous_2)
FNDA:1,(anonymous_3)
FNDA:2,(anonymous_4)
FNDA:1,(anonymous_5)
DA:2,1
DA:5,1
DA:7,1
DA:9,1
DA:10,1
DA:11,1
DA:12,1
DA:14,0
DA:19,1
DA:20,1
DA:21,1
DA:23,0
DA:28,1
DA:29,1
DA:30,1
DA:31,1
DA:33,0
DA:38,1
DA:39,1
DA:40,1
DA:42,0
DA:47,2
DA:48,2
DA:49,2
DA:50,2
DA:52,0
DA:57,1
DA:58,1
DA:59,1
DA:60,1
DA:62,0
LF:31
LH:25
BRF:0
BRH:0
end_of_record
TN:
SF:src\presentation\controllers\serviceController.ts
FN:7,(anonymous_0)
FN:16,(anonymous_1)
FNF:2
FNH:2
FNDA:1,(anonymous_0)
FNDA:1,(anonymous_1)
DA:2,1
DA:4,1
DA:6,1
DA:8,1
DA:9,1
DA:10,1
DA:12,0
DA:17,1
DA:18,1
DA:19,1
DA:21,0
LF:11
LH:9
BRF:0
BRH:0
end_of_record
TN:
SF:src\routes\authRoutes.ts
FNF:0
FNH:0
DA:1,1
DA:2,1
DA:4,1
DA:5,1
DA:7,1
DA:8,1
DA:10,1
LF:7
LH:7
BRF:0
BRH:0
end_of_record
TN:
SF:src\routes\bookingRoutes.ts
FNF:0
FNH:0
DA:1,1
DA:2,1
DA:3,1
DA:5,1
DA:6,1
DA:8,1
DA:9,1
DA:10,1
DA:12,1
DA:13,1
DA:14,1
DA:16,1
LF:12
LH:12
BRF:0
BRH:0
end_of_record
TN:
SF:src\routes\serviceRoutes.ts
FNF:0
FNH:0
DA:1,1
DA:2,1
DA:3,1
DA:5,1
DA:6,1
DA:8,1
DA:9,1
DA:11,1
LF:8
LH:8
BRF:0
BRH:0
end_of_record
